<?xml version="1.0" encoding="UTF-8"?>
<!-- Generated by org.testng.reporters.JUnitXMLReporter -->
<testsuite hostname="Lenovo-PC" ignored="0" name="Validate User Test" tests="3" failures="0" timestamp="30 Mar 2018 10:36:07 GMT" time="19.838" errors="0">
  <testcase name="testValidateUser" time="7.887" classname="unicodeTech.MyAccount.ValidateUser"/>
  <testcase name="testValidateUser" time="5.8" classname="unicodeTech.MyAccount.ValidateUser"/>
  <testcase name="testValidateUser" time="6.119" classname="unicodeTech.MyAccount.ValidateUser"/>
</testsuite> <!-- Validate User Test -->
