<?xml version="1.0" encoding="UTF-8"?>
<!-- Generated by org.testng.reporters.JUnitXMLReporter -->
<testsuite hostname="Lenovo-PC" name="Default test" tests="3" failures="0" timestamp="25 Feb 2018 08:19:16 GMT" time="17.493" errors="0">
  <testcase name="testValidateUser" time="6.352" classname="unicodeTech.MyAccount.ValidateUser"/>
  <testcase name="testValidateUser" time="5.469" classname="unicodeTech.MyAccount.ValidateUser"/>
  <testcase name="testValidateUser" time="5.672" classname="unicodeTech.MyAccount.ValidateUser"/>
</testsuite> <!-- Default test -->
